<?xml version="1.0" encoding="UTF-8" ?>
<testsuite errors="0" failures="0" hostname="Skinners-HP" name="it.grabz.GrabzIt.GrabzItClientTest" tests="2" time="0.958" timestamp="2013-05-12T20:54:23">
  <properties>
[...]
</properties>
  <testcase classname="it.grabz.GrabzIt.GrabzItClientTest" name="testGetCookies" time="0.498" />
  <testcase classname="it.grabz.GrabzIt.GrabzItClientTest" name="testStatus" time="0.339" />
  <system-out><![CDATA[Hello null
]]></system-out>
  <system-err><![CDATA[]]></system-err>
</testsuite>
